mode: set
github.com/bboortz/go-rss-cache/handler.go:22.86,30.16 7 1
github.com/bboortz/go-rss-cache/handler.go:33.2,33.39 1 1
github.com/bboortz/go-rss-cache/handler.go:37.2,37.52 1 1
github.com/bboortz/go-rss-cache/handler.go:56.2,57.58 2 1
github.com/bboortz/go-rss-cache/handler.go:60.2,60.64 1 1
github.com/bboortz/go-rss-cache/handler.go:30.16,31.13 1 0
github.com/bboortz/go-rss-cache/handler.go:33.39,34.13 1 0
github.com/bboortz/go-rss-cache/handler.go:37.52,40.3 2 1
github.com/bboortz/go-rss-cache/handler.go:40.3,40.28 1 1
github.com/bboortz/go-rss-cache/handler.go:40.28,43.3 2 1
github.com/bboortz/go-rss-cache/handler.go:43.3,43.31 1 1
github.com/bboortz/go-rss-cache/handler.go:43.31,46.3 2 1
github.com/bboortz/go-rss-cache/handler.go:46.3,46.29 1 1
github.com/bboortz/go-rss-cache/handler.go:46.29,49.3 2 1
github.com/bboortz/go-rss-cache/handler.go:49.3,49.28 1 1
github.com/bboortz/go-rss-cache/handler.go:49.28,52.3 2 1
github.com/bboortz/go-rss-cache/handler.go:52.3,54.3 1 1
github.com/bboortz/go-rss-cache/handler.go:57.58,58.13 1 0
github.com/bboortz/go-rss-cache/handler.go:66.84,75.23 7 1
github.com/bboortz/go-rss-cache/handler.go:83.2,84.58 2 1
github.com/bboortz/go-rss-cache/handler.go:87.2,87.64 1 1
github.com/bboortz/go-rss-cache/handler.go:75.23,77.116 2 1
github.com/bboortz/go-rss-cache/handler.go:80.3,80.9 1 1
github.com/bboortz/go-rss-cache/handler.go:77.116,78.14 1 0
github.com/bboortz/go-rss-cache/handler.go:84.58,85.13 1 0
github.com/bboortz/go-rss-cache/handler.go:93.85,100.58 6 1
github.com/bboortz/go-rss-cache/handler.go:103.2,103.64 1 1
github.com/bboortz/go-rss-cache/handler.go:100.58,101.13 1 0
github.com/bboortz/go-rss-cache/handler.go:109.86,120.58 8 1
github.com/bboortz/go-rss-cache/handler.go:123.2,123.64 1 1
github.com/bboortz/go-rss-cache/handler.go:120.58,121.13 1 0
github.com/bboortz/go-rss-cache/logger.go:11.37,13.2 1 1
github.com/bboortz/go-rss-cache/logger.go:15.39,17.2 1 1
github.com/bboortz/go-rss-cache/logger.go:19.53,21.2 1 1
github.com/bboortz/go-rss-cache/main.go:8.13,10.16 2 0
github.com/bboortz/go-rss-cache/main.go:13.2,17.48 4 0
github.com/bboortz/go-rss-cache/main.go:10.16,12.3 1 0
github.com/bboortz/go-rss-cache/repository.go:24.42,27.2 2 1
github.com/bboortz/go-rss-cache/repository.go:29.47,30.25 1 1
github.com/bboortz/go-rss-cache/repository.go:34.2,39.10 6 1
github.com/bboortz/go-rss-cache/repository.go:30.25,32.3 1 1
github.com/bboortz/go-rss-cache/repository.go:42.60,43.25 1 1
github.com/bboortz/go-rss-cache/repository.go:46.2,46.24 1 1
github.com/bboortz/go-rss-cache/repository.go:50.2,54.10 5 1
github.com/bboortz/go-rss-cache/repository.go:43.25,45.3 1 1
github.com/bboortz/go-rss-cache/repository.go:46.24,48.3 1 0
github.com/bboortz/go-rss-cache/repository.go:57.54,62.27 4 1
github.com/bboortz/go-rss-cache/repository.go:79.2,79.15 1 1
github.com/bboortz/go-rss-cache/repository.go:62.27,65.3 2 1
github.com/bboortz/go-rss-cache/repository.go:65.3,67.25 2 1
github.com/bboortz/go-rss-cache/repository.go:70.3,71.29 2 1
github.com/bboortz/go-rss-cache/repository.go:67.25,69.4 1 1
github.com/bboortz/go-rss-cache/repository.go:71.29,74.4 2 1
github.com/bboortz/go-rss-cache/repository.go:74.4,76.4 1 1
github.com/bboortz/go-rss-cache/repository.go:82.50,83.29 1 1
github.com/bboortz/go-rss-cache/repository.go:89.2,89.28 1 1
github.com/bboortz/go-rss-cache/repository.go:83.29,84.21 1 1
github.com/bboortz/go-rss-cache/repository.go:84.21,86.4 1 1
github.com/bboortz/go-rss-cache/router.go:8.37,17.2 7 1
